{
  "RSpec": {
    "coverage": {
      "/home/pandey/MyWorkspace/google_ai_apis/app/controllers/v1/cities_controller.rb": [
        null,
        null,
        1,
        1,
        1,
        1,
        1,
        null,
        null,
        null
      ],
      "/home/pandey/MyWorkspace/google_ai_apis/app/controllers/application_controller.rb": [
        null,
        null,
        1,
        1,
        null
      ],
      "/home/pandey/MyWorkspace/google_ai_apis/app/controllers/concerns/response.rb": [
        null,
        null,
        1,
        1,
        4,
        null,
        null
      ],
      "/home/pandey/MyWorkspace/google_ai_apis/app/controllers/v1/departments_controller.rb": [
        null,
        null,
        1,
        1,
        1,
        1,
        1,
        null,
        null,
        null
      ],
      "/home/pandey/MyWorkspace/google_ai_apis/app/controllers/v1/nurses_controller.rb": [
        null,
        null,
        1,
        1,
        1,
        1,
        0,
        null,
        null,
        null,
        1,
        null,
        1,
        null,
        null,
        1,
        null,
        1,
        1,
        null,
        null,
        1,
        0,
        null,
        null,
        1,
        0,
        null,
        null,
        null
      ],
      "/home/pandey/MyWorkspace/google_ai_apis/app/controllers/v1/skills_controller.rb": [
        null,
        null,
        1,
        1,
        1,
        1,
        1,
        null,
        null,
        null
      ],
      "/home/pandey/MyWorkspace/google_ai_apis/app/models/city.rb": [
        null,
        null,
        1,
        1,
        null
      ],
      "/home/pandey/MyWorkspace/google_ai_apis/app/models/application_record.rb": [
        null,
        null,
        1,
        1,
        null
      ],
      "/home/pandey/MyWorkspace/google_ai_apis/app/models/nurse.rb": [
        null,
        null,
        1,
        1,
        1,
        1,
        null
      ],
      "/home/pandey/MyWorkspace/google_ai_apis/app/models/department.rb": [
        null,
        null,
        1,
        null
      ],
      "/home/pandey/MyWorkspace/google_ai_apis/app/models/skill.rb": [
        null,
        null,
        1,
        null
      ],
      "/home/pandey/MyWorkspace/google_ai_apis/app/channels/application_cable/channel.rb": [
        null,
        null,
        0,
        0,
        0,
        0
      ],
      "/home/pandey/MyWorkspace/google_ai_apis/app/channels/application_cable/connection.rb": [
        null,
        null,
        0,
        0,
        0,
        0
      ],
      "/home/pandey/MyWorkspace/google_ai_apis/app/mailers/application_mailer.rb": [
        null,
        null,
        0,
        0,
        0,
        0
      ],
      "/home/pandey/MyWorkspace/google_ai_apis/app/jobs/application_job.rb": [
        null,
        null,
        0,
        0
      ]
    },
    "timestamp": 1560166923
  }
}
